<?xml version="1.0" encoding="UTF-8"?>
<!-- Generated by org.testng.reporters.JUnitReportReporter -->
<testsuite hostname="DhruvPrajapati" failures="0" tests="2" name="tc_Tr.Forums_Tr" time="39.992" errors="0" timestamp="2025-09-10T16:28:56 IST" skipped="0">
  <testcase classname="tc_Tr.Forums_Tr" name="logInDetails" time="9.761"/>
  <testcase classname="tc_Tr.Forums_Tr" name="searchedndClickForum" time="30.231"/>
</testsuite> <!-- tc_Tr.Forums_Tr -->
