<?xml version="1.0" encoding="UTF-8"?>
<!-- Generated by org.testng.reporters.JUnitReportReporter -->
<testsuite hostname="DhruvPrajapati" failures="0" tests="2" name="tc_Tr.Forums_Tr" time="25.829" errors="0" timestamp="2025-09-12T17:18:52 IST" skipped="0">
  <testcase classname="tc_Tr.Forums_Tr" name="logInDetails" time="9.420"/>
  <testcase classname="tc_Tr.Forums_Tr" name="searchedAndDelete" time="16.409"/>
</testsuite> <!-- tc_Tr.Forums_Tr -->
