<?xml version="1.0" encoding="UTF-8"?>
<!-- Generated by org.testng.reporters.JUnitReportReporter -->
<testsuite hostname="DhruvPrajapati" failures="0" tests="1" name="tc_Tr.SignUp_Tr" time="6.364" errors="0" timestamp="2025-08-26T13:35:47 IST" skipped="0">
  <testcase classname="tc_Tr.SignUp_Tr" name="signUpDetails" time="6.364"/>
</testsuite> <!-- tc_Tr.SignUp_Tr -->
