<?xml version="1.0" encoding="UTF-8"?>
<!-- Generated by org.testng.reporters.JUnitReportReporter -->
<testsuite hostname="DhruvPrajapati" failures="0" tests="2" name="tc_Tr.ResetPassword_Tr" time="15.065" errors="0" timestamp="2025-09-01T11:25:31 IST" skipped="0">
  <testcase classname="tc_Tr.ResetPassword_Tr" name="logInDetails" time="5.174"/>
  <testcase classname="tc_Tr.ResetPassword_Tr" name="resetPassword" time="9.891"/>
</testsuite> <!-- tc_Tr.ResetPassword_Tr -->
