<?xml version="1.0" encoding="UTF-8"?>
<!-- Generated by org.testng.reporters.JUnitReportReporter -->
<testsuite hostname="DhruvPrajapati" failures="0" tests="2" name="tc_Tr.ContactUs_Tr" time="23.581" errors="0" timestamp="2025-08-27T17:52:43 IST" skipped="0">
  <testcase classname="tc_Tr.ContactUs_Tr" name="logInDetails" time="9.573"/>
  <testcase classname="tc_Tr.ContactUs_Tr" name="contactUs" time="14.008"/>
</testsuite> <!-- tc_Tr.ContactUs_Tr -->
