<?xml version="1.0" encoding="UTF-8"?>
<!-- Generated by org.testng.reporters.JUnitReportReporter -->
<testsuite hostname="DhruvPrajapati" failures="0" tests="2" name="tc_Tr.Forums_Tr" time="36.668" errors="0" timestamp="2025-08-28T14:49:11 IST" skipped="0">
  <testcase classname="tc_Tr.Forums_Tr" name="logInDetails" time="9.638"/>
  <testcase classname="tc_Tr.Forums_Tr" name="createForum" time="27.030"/>
</testsuite> <!-- tc_Tr.Forums_Tr -->
