<?xml version="1.0" encoding="UTF-8"?>
<!-- Generated by org.testng.reporters.JUnitReportReporter -->
<testsuite hostname="DhruvPrajapati" failures="0" tests="2" name="tc_Tr.Blogs_Tr" time="45.389" errors="0" timestamp="2025-08-28T14:35:01 IST" skipped="0">
  <testcase classname="tc_Tr.Blogs_Tr" name="logInDetails" time="9.657"/>
  <testcase classname="tc_Tr.Blogs_Tr" name="createBlog" time="35.732"/>
</testsuite> <!-- tc_Tr.Blogs_Tr -->
