<?xml version="1.0" encoding="UTF-8"?>
<!-- Generated by org.testng.reporters.JUnitReportReporter -->
<testsuite hostname="DhruvPrajapati" failures="0" tests="2" name="tc_Tr.EditAddress_Tr" time="20.603" errors="0" timestamp="2025-09-01T18:02:57 IST" skipped="0">
  <testcase classname="tc_Tr.EditAddress_Tr" name="logInDetails" time="1.152"/>
  <testcase classname="tc_Tr.EditAddress_Tr" name="changeAddress" time="19.451"/>
</testsuite> <!-- tc_Tr.EditAddress_Tr -->
