<?xml version="1.0" encoding="UTF-8"?>
<!-- Generated by org.testng.reporters.JUnitReportReporter -->
<testsuite hostname="DhruvPrajapati" failures="0" tests="2" name="tc_Tr.ResetPassword_Tr" time="14.434" errors="0" timestamp="2025-08-29T17:31:37 IST" skipped="0">
  <testcase classname="tc_Tr.ResetPassword_Tr" name="logInDetails" time="5.151"/>
  <testcase classname="tc_Tr.ResetPassword_Tr" name="resetPassword" time="9.283"/>
</testsuite> <!-- tc_Tr.ResetPassword_Tr -->
