<?xml version="1.0" encoding="UTF-8"?>
<!-- Generated by org.testng.reporters.JUnitReportReporter -->
<testsuite hostname="DhruvPrajapati" failures="0" tests="2" name="tc_Tr.Blogs_Tr" time="32.904" errors="0" timestamp="2025-09-16T11:08:55 IST" skipped="0">
  <testcase classname="tc_Tr.Blogs_Tr" name="logInDetails" time="15.465"/>
  <testcase classname="tc_Tr.Blogs_Tr" name="searchNdDelete" time="17.439"/>
</testsuite> <!-- tc_Tr.Blogs_Tr -->
