<?xml version="1.0" encoding="UTF-8"?>
<!-- Generated by org.testng.reporters.JUnitReportReporter -->
<testsuite hostname="DhruvPrajapati" failures="0" tests="2" name="tc_Tr.UserProfile_Tr" time="35.081" errors="0" timestamp="2025-09-04T17:39:38 IST" skipped="0">
  <testcase classname="tc_Tr.UserProfile_Tr" name="logInDetails" time="0.821"/>
  <testcase classname="tc_Tr.UserProfile_Tr" name="editProfile" time="34.260"/>
</testsuite> <!-- tc_Tr.UserProfile_Tr -->
