<?xml version="1.0" encoding="UTF-8"?>
<!-- Generated by org.testng.reporters.JUnitReportReporter -->
<testsuite hostname="DhruvPrajapati" failures="0" tests="2" name="tc_Tr.HomePage_Tr" time="31.960" errors="0" timestamp="2025-09-11T12:50:59 IST" skipped="0">
  <testcase classname="tc_Tr.HomePage_Tr" name="logInDetails" time="0.862"/>
  <testcase classname="tc_Tr.HomePage_Tr" name="calculateBudget" time="31.098"/>
</testsuite> <!-- tc_Tr.HomePage_Tr -->
