<?xml version="1.0" encoding="UTF-8"?>
<!-- Generated by org.testng.reporters.JUnitReportReporter -->
<testsuite hostname="DhruvPrajapati" failures="0" tests="2" name="tc_Tr.Forums_Tr" time="27.778" errors="0" timestamp="2025-09-18T10:53:12 IST" skipped="0">
  <testcase classname="tc_Tr.Forums_Tr" name="logInDetails" time="9.526"/>
  <testcase classname="tc_Tr.Forums_Tr" name="followCategory" time="18.252"/>
</testsuite> <!-- tc_Tr.Forums_Tr -->
