<?xml version="1.0" encoding="UTF-8"?>
<!-- Generated by org.testng.reporters.JUnitReportReporter -->
<testsuite hostname="DhruvPrajapati" failures="0" tests="1" name="tc_Tr.ForgotPassword_Tr" time="6.502" errors="0" timestamp="2025-08-26T14:40:15 IST" skipped="0">
  <testcase classname="tc_Tr.ForgotPassword_Tr" name="forgotPassword" time="6.502"/>
</testsuite> <!-- tc_Tr.ForgotPassword_Tr -->
