<?xml version="1.0" encoding="UTF-8"?>
<!-- Generated by org.testng.reporters.JUnitReportReporter -->
<testsuite hostname="DhruvPrajapati" failures="0" tests="1" name="tc_Tr.LogIn_Tr" time="12.188" errors="0" timestamp="2025-08-29T12:45:44 IST" skipped="0">
  <testcase classname="tc_Tr.LogIn_Tr" name="logInDetails" time="12.188"/>
</testsuite> <!-- tc_Tr.LogIn_Tr -->
