<?xml version="1.0" encoding="UTF-8"?>
<!-- Generated by org.testng.reporters.JUnitReportReporter -->
<testsuite hostname="DhruvPrajapati" failures="0" tests="1" name="tc_Tr.SignUp_Tr" time="6.461" errors="0" timestamp="2025-08-29T15:10:45 IST" skipped="0">
  <testcase classname="tc_Tr.SignUp_Tr" name="signUpDetails" time="6.461"/>
</testsuite> <!-- tc_Tr.SignUp_Tr -->
