<?xml version="1.0" encoding="UTF-8"?>
<!-- Generated by org.testng.reporters.JUnitReportReporter -->
<testsuite hostname="DhruvPrajapati" failures="0" tests="2" name="tc_Tr.MyBookings_Tr" time="55.738" errors="0" timestamp="2025-09-08T15:33:04 IST" skipped="0">
  <testcase classname="tc_Tr.MyBookings_Tr" name="logInDetails" time="0.719"/>
  <testcase classname="tc_Tr.MyBookings_Tr" name="userBookings" time="55.019"/>
</testsuite> <!-- tc_Tr.MyBookings_Tr -->
