<?xml version="1.0" encoding="UTF-8"?>
<!-- Generated by org.testng.reporters.JUnitReportReporter -->
<testsuite hostname="DhruvPrajapati" failures="0" tests="3" name="tc_Tr.Blogs_Tr" time="41.866" errors="0" timestamp="2025-10-29T17:56:58 IST" skipped="0">
  <testcase classname="tc_Tr.Blogs_Tr" name="logInDetails" time="15.819"/>
  <testcase classname="tc_Tr.Blogs_Tr" name="sortByNewestToOldest" time="17.589"/>
  <testcase classname="tc_Tr.Blogs_Tr" name="selectCategoryFilter" time="8.458"/>
</testsuite> <!-- tc_Tr.Blogs_Tr -->
