<?xml version="1.0" encoding="UTF-8"?>
<!-- Generated by org.testng.reporters.JUnitReportReporter -->
<testsuite hostname="DhruvPrajapati" failures="0" tests="2" name="tc_Tr.UserProfile_Tr" time="32.944" errors="0" timestamp="2025-09-05T10:22:29 IST" skipped="0">
  <testcase classname="tc_Tr.UserProfile_Tr" name="logInDetails" time="0.813"/>
  <testcase classname="tc_Tr.UserProfile_Tr" name="editProfile" time="32.131"/>
</testsuite> <!-- tc_Tr.UserProfile_Tr -->
