<?xml version="1.0" encoding="UTF-8"?>
<!-- Generated by org.testng.reporters.JUnitReportReporter -->
<testsuite hostname="DhruvPrajapati" failures="0" tests="4" name="tc_Tr.DataProviderLogIn_Tr" time="18.693" errors="0" timestamp="2025-09-01T12:55:23 IST" skipped="0">
  <testcase classname="tc_Tr.DataProviderLogIn_Tr" name="login" time="4.156"/>
  <testcase classname="tc_Tr.DataProviderLogIn_Tr" name="login" time="5.011"/>
  <testcase classname="tc_Tr.DataProviderLogIn_Tr" name="login" time="4.641"/>
  <testcase classname="tc_Tr.DataProviderLogIn_Tr" name="login" time="4.885"/>
</testsuite> <!-- tc_Tr.DataProviderLogIn_Tr -->
