<?xml version="1.0" encoding="UTF-8"?>
<!-- Generated by org.testng.reporters.JUnitReportReporter -->
<testsuite hostname="DhruvPrajapati" failures="0" tests="2" name="tc_Tr.Blogs_Tr" time="38.561" errors="0" timestamp="2025-09-15T15:09:50 IST" skipped="0">
  <testcase classname="tc_Tr.Blogs_Tr" name="logInDetails" time="15.703"/>
  <testcase classname="tc_Tr.Blogs_Tr" name="searchNdEdit" time="22.858"/>
</testsuite> <!-- tc_Tr.Blogs_Tr -->
