<?xml version="1.0" encoding="UTF-8"?>
<!-- Generated by org.testng.reporters.JUnitReportReporter -->
<testsuite hostname="DhruvPrajapati" failures="0" tests="4" name="tc_Tr.ResetPassword_Tr" time="42.029" errors="0" timestamp="2025-10-31T12:40:58 IST" skipped="0">
  <testcase classname="tc_Tr.ResetPassword_Tr" name="logInDetails" time="5.846"/>
  <testcase classname="tc_Tr.ResetPassword_Tr" name="resetPassword" time="28.961"/>
  <testcase classname="tc_Tr.ResetPassword_Tr" name="logout" time="3.404"/>
  <testcase classname="tc_Tr.ResetPassword_Tr" name="logInAfterResetPassword" time="3.818"/>
</testsuite> <!-- tc_Tr.ResetPassword_Tr -->
