<?xml version="1.0" encoding="UTF-8"?>
<!-- Generated by org.testng.reporters.JUnitReportReporter -->
<testsuite hostname="DhruvPrajapati" failures="0" tests="1" name="tc_Tr.LogIn_Tr" time="9.657" errors="0" timestamp="2025-08-26T15:05:38 IST" skipped="0">
  <testcase classname="tc_Tr.LogIn_Tr" name="logInDetails" time="9.657"/>
</testsuite> <!-- tc_Tr.LogIn_Tr -->
