<?xml version="1.0" encoding="UTF-8"?>
<!-- Generated by org.testng.reporters.JUnitReportReporter -->
<testsuite hostname="DhruvPrajapati" failures="0" tests="2" name="tc_Tr.UserProfile_Tr" time="17.890" errors="0" timestamp="2025-09-16T17:08:19 IST" skipped="0">
  <testcase classname="tc_Tr.UserProfile_Tr" name="logInDetails" time="0.841"/>
  <testcase classname="tc_Tr.UserProfile_Tr" name="deleteMyAccount" time="17.049"/>
</testsuite> <!-- tc_Tr.UserProfile_Tr -->
