<?xml version="1.0" encoding="UTF-8"?>
<!-- Generated by org.testng.reporters.JUnitReportReporter -->
<testsuite hostname="DhruvPrajapati" failures="0" tests="2" name="tc_Tr.ContactUs_Tr" time="27.347" errors="0" timestamp="2025-09-16T12:54:21 IST" skipped="0">
  <testcase classname="tc_Tr.ContactUs_Tr" name="logInDetails" time="9.508"/>
  <testcase classname="tc_Tr.ContactUs_Tr" name="contactUs" time="17.839"/>
</testsuite> <!-- tc_Tr.ContactUs_Tr -->
