<?xml version="1.0" encoding="UTF-8"?>
<!-- Generated by org.testng.reporters.JUnitReportReporter -->
<testsuite hostname="DhruvPrajapati" failures="0" tests="2" name="tc_Tr.Blogs_Tr" time="43.299" errors="0" timestamp="2025-09-10T12:51:58 IST" skipped="0">
  <testcase classname="tc_Tr.Blogs_Tr" name="logInDetails" time="15.521"/>
  <testcase classname="tc_Tr.Blogs_Tr" name="searchedandCommentBlog" time="27.778"/>
</testsuite> <!-- tc_Tr.Blogs_Tr -->
