<?xml version="1.0" encoding="UTF-8"?>
<!-- Generated by org.testng.reporters.JUnitReportReporter -->
<testsuite hostname="DhruvPrajapati" failures="0" tests="4" name="tc_Tr.DataProviderUtility_Tr" time="39.587" errors="0" timestamp="2025-09-01T15:19:36 IST" skipped="0">
  <testcase classname="tc_Tr.DataProviderUtility_Tr" name="logInTR" time="7.702"/>
  <testcase classname="tc_Tr.DataProviderUtility_Tr" name="logInTR" time="11.337"/>
  <testcase classname="tc_Tr.DataProviderUtility_Tr" name="logInTR" time="11.507"/>
  <testcase classname="tc_Tr.DataProviderUtility_Tr" name="logInTR" time="9.041"/>
</testsuite> <!-- tc_Tr.DataProviderUtility_Tr -->
