<?xml version="1.0" encoding="UTF-8"?>
<!-- Generated by org.testng.reporters.JUnitReportReporter -->
<testsuite hostname="DhruvPrajapati" failures="0" tests="2" name="tc_Tr.BottomNavigation_Tr" time="34.668" errors="0" timestamp="2025-08-28T12:00:20 IST" skipped="0">
  <testcase classname="tc_Tr.BottomNavigation_Tr" name="logInDetails" time="9.535"/>
  <testcase classname="tc_Tr.BottomNavigation_Tr" name="bottomNavigationLinks" time="25.133"/>
</testsuite> <!-- tc_Tr.BottomNavigation_Tr -->
