<?xml version="1.0" encoding="UTF-8"?>
<!-- Generated by org.testng.reporters.JUnitReportReporter -->
<testsuite hostname="DhruvPrajapati" failures="0" tests="2" name="tc_Tr.LogIn_Tr" time="17.150" errors="0" timestamp="2025-09-01T12:51:31 IST" skipped="0">
  <testcase classname="tc_Tr.LogIn_Tr" name="logInDetails" time="9.493"/>
  <testcase classname="tc_Tr.LogIn_Tr" name="logOut" time="7.657"/>
</testsuite> <!-- tc_Tr.LogIn_Tr -->
