<?xml version="1.0" encoding="UTF-8"?>
<!-- Generated by org.testng.reporters.JUnitReportReporter -->
<testsuite hostname="DhruvPrajapati" failures="0" tests="2" name="tc_Tr.Blogs_Tr" time="50.047" errors="0" timestamp="2025-10-30T12:03:20 IST" skipped="0">
  <testcase classname="tc_Tr.Blogs_Tr" name="logInDetails" time="15.587"/>
  <testcase classname="tc_Tr.Blogs_Tr" name="searchedandCommentBlog" time="34.460"/>
</testsuite> <!-- tc_Tr.Blogs_Tr -->
