<?xml version="1.0" encoding="UTF-8"?>
<!-- Generated by org.testng.reporters.JUnitReportReporter -->
<testsuite hostname="DhruvPrajapati" failures="0" tests="2" name="tc_Tr.Forums_Tr" time="30.761" errors="0" timestamp="2025-09-18T12:04:24 IST" skipped="0">
  <testcase classname="tc_Tr.Forums_Tr" name="logInDetails" time="9.610"/>
  <testcase classname="tc_Tr.Forums_Tr" name="followCategory" time="21.151"/>
</testsuite> <!-- tc_Tr.Forums_Tr -->
